# JRE version: Java(TM) SE Runtime Environment (8.0_05-b13) (build 1.8.0_05-b13)
# Java VM: Java HotSpot(TM) 64-Bit Server VM (25.5-b02 mixed mode bsd-amd64 compressed oops)
Heap:
 PSYoungGen      total 155648K, used 55996K [0x000000076ab00000, 0x0000000775100000, 0x00000007c0000000)
  eden space 154624K, 36% used [0x000000076ab00000,0x000000076e1af2c0,0x0000000774200000)
  from space 1024K, 0% used [0x0000000774200000,0x0000000774200000,0x0000000774300000)
  to   space 1024K, 0% used [0x0000000775000000,0x0000000775000000,0x0000000775100000)
 ParOldGen       total 222208K, used 46461K [0x00000006c0000000, 0x00000006cd900000, 0x000000076ab00000)
  object space 222208K, 20% used [0x00000006c0000000,0x00000006c2d5f518,0x00000006cd900000)
 Metaspace       used 6190K, capacity 6356K, committed 6656K, reserved 1056768K
  class space    used 648K, capacity 692K, committed 768K, reserved 1048576K
GC Heap History (10 events):
Event: 4.479 GC heap before
{Heap before GC invocations=80 (full 26):
 PSYoungGen      total 134144K, used 133056K [0x000000076ab00000, 0x0000000773900000, 0x00000007c0000000)
  eden space 133120K, 99% used [0x000000076ab00000,0x0000000772cf01e0,0x0000000772d00000)
  from space 1024K, 0% used [0x0000000772d00000,0x0000000772d00000,0x0000000772e00000)
  to   space 1024K, 0% used [0x0000000773800000,0x0000000773800000,0x0000000773900000)
 ParOldGen       total 218112K, used 52604K [0x00000006c0000000, 0x00000006cd500000, 0x000000076ab00000)
  object space 218112K, 24% used [0x00000006c0000000,0x00000006c335f098,0x00000006cd500000)
 Metaspace       used 6180K, capacity 6356K, committed 6656K, reserved 1056768K
  class space    used 646K, capacity 692K, committed 768K, reserved 1048576K
Event: 4.481 GC heap after
Heap after GC invocations=80 (full 26):
 PSYoungGen      total 144384K, used 516K [0x000000076ab00000, 0x0000000773980000, 0x00000007c0000000)
  eden space 143360K, 0% used [0x000000076ab00000,0x000000076ab00000,0x0000000773700000)
  from space 1024K, 50% used [0x0000000773800000,0x0000000773881030,0x0000000773900000)
  to   space 1024K, 0% used [0x0000000773700000,0x0000000773700000,0x0000000773800000)
 ParOldGen       total 218112K, used 83324K [0x00000006c0000000, 0x00000006cd500000, 0x000000076ab00000)
  object space 218112K, 38% used [0x00000006c0000000,0x00000006c515f0e8,0x00000006cd500000)
 Metaspace       used 6180K, capacity 6356K, committed 6656K, reserved 1056768K
  class space    used 646K, capacity 692K, committed 768K, reserved 1048576K
}
Event: 4.582 GC heap before
{Heap before GC invocations=81 (full 26):
 PSYoungGen      total 144384K, used 138908K [0x000000076ab00000, 0x0000000773980000, 0x00000007c0000000)
  eden space 143360K, 96% used [0x000000076ab00000,0x0000000773226170,0x0000000773700000)
  from space 1024K, 50% used [0x0000000773800000,0x0000000773881030,0x0000000773900000)
  to   space 1024K, 0% used [0x0000000773700000,0x0000000773700000,0x0000000773800000)
 ParOldGen       total 218112K, used 83324K [0x00000006c0000000, 0x00000006cd500000, 0x000000076ab00000)
  object space 218112K, 38% used [0x00000006c0000000,0x00000006c515f0e8,0x00000006cd500000)
 Metaspace       used 6180K, capacity 6356K, committed 6656K, reserved 1056768K
  class space    used 646K, capacity 692K, committed 768K, reserved 1048576K
Event: 4.584 GC heap after
Heap after GC invocations=81 (full 26):
 PSYoungGen      total 144384K, used 352K [0x000000076ab00000, 0x0000000774400000, 0x00000007c0000000)
  eden space 143360K, 0% used [0x000000076ab00000,0x000000076ab00000,0x0000000773700000)
  from space 1024K, 34% used [0x0000000773700000,0x0000000773758030,0x0000000773800000)
  to   space 1024K, 0% used [0x0000000774300000,0x0000000774300000,0x0000000774400000)
 ParOldGen       total 218112K, used 107900K [0x00000006c0000000, 0x00000006cd500000, 0x000000076ab00000)
  object space 218112K, 49% used [0x00000006c0000000,0x00000006c695f128,0x00000006cd500000)
 Metaspace       used 6180K, capacity 6356K, committed 6656K, reserved 1056768K
  class space    used 646K, capacity 692K, committed 768K, reserved 1048576K
}
Event: 4.741 GC heap before
{Heap before GC invocations=82 (full 26):
 PSYoungGen      total 144384K, used 139325K [0x000000076ab00000, 0x0000000774400000, 0x00000007c0000000)
  eden space 143360K, 96% used [0x000000076ab00000,0x00000007732b74f0,0x0000000773700000)
  from space 1024K, 34% used [0x0000000773700000,0x0000000773758030,0x0000000773800000)
  to   space 1024K, 0% used [0x0000000774300000,0x0000000774300000,0x0000000774400000)
 ParOldGen       total 218112K, used 107900K [0x00000006c0000000, 0x00000006cd500000, 0x000000076ab00000)
  object space 218112K, 49% used [0x00000006c0000000,0x00000006c695f128,0x00000006cd500000)
 Metaspace       used 6180K, capacity 6356K, committed 6656K, reserved 1056768K
  class space    used 646K, capacity 692K, committed 768K, reserved 1048576K
Event: 4.746 GC heap after
Heap after GC invocations=82 (full 26):
 PSYoungGen      total 155648K, used 524K [0x000000076ab00000, 0x0000000774480000, 0x00000007c0000000)
  eden space 154624K, 0% used [0x000000076ab00000,0x000000076ab00000,0x0000000774200000)
  from space 1024K, 51% used [0x0000000774300000,0x0000000774383050,0x0000000774400000)
  to   space 1024K, 0% used [0x0000000774200000,0x0000000774200000,0x0000000774300000)
 ParOldGen       total 218112K, used 150908K [0x00000006c0000000, 0x00000006cd500000, 0x000000076ab00000)
  object space 218112K, 69% used [0x00000006c0000000,0x00000006c935f198,0x00000006cd500000)
 Metaspace       used 6180K, capacity 6356K, committed 6656K, reserved 1056768K
  class space    used 646K, capacity 692K, committed 768K, reserved 1048576K
}
Event: 4.921 GC heap before
{Heap before GC invocations=83 (full 26):
 PSYoungGen      total 155648K, used 152745K [0x000000076ab00000, 0x0000000774480000, 0x00000007c0000000)
  eden space 154624K, 98% used [0x000000076ab00000,0x0000000773fa73b0,0x0000000774200000)
  from space 1024K, 51% used [0x0000000774300000,0x0000000774383050,0x0000000774400000)
  to   space 1024K, 0% used [0x0000000774200000,0x0000000774200000,0x0000000774300000)
 ParOldGen       total 218112K, used 150908K [0x00000006c0000000, 0x00000006cd500000, 0x000000076ab00000)
  object space 218112K, 69% used [0x00000006c0000000,0x00000006c935f198,0x00000006cd500000)
 Metaspace       used 6180K, capacity 6356K, committed 6656K, reserved 1056768K
  class space    used 646K, capacity 692K, committed 768K, reserved 1048576K
Event: 4.928 GC heap after
Heap after GC invocations=83 (full 26):
 PSYoungGen      total 155648K, used 568K [0x000000076ab00000, 0x0000000775100000, 0x00000007c0000000)
  eden space 154624K, 0% used [0x000000076ab00000,0x000000076ab00000,0x0000000774200000)
  from space 1024K, 55% used [0x0000000774200000,0x000000077428e040,0x0000000774300000)
  to   space 1024K, 0% used [0x0000000775000000,0x0000000775000000,0x0000000775100000)
 ParOldGen       total 218112K, used 187772K [0x00000006c0000000, 0x00000006cd500000, 0x000000076ab00000)
  object space 218112K, 86% used [0x00000006c0000000,0x00000006cb75f1f8,0x00000006cd500000)
 Metaspace       used 6180K, capacity 6356K, committed 6656K, reserved 1056768K
  class space    used 646K, capacity 692K, committed 768K, reserved 1048576K
}
Event: 4.928 GC heap before
{Heap before GC invocations=84 (full 27):
 PSYoungGen      total 155648K, used 568K [0x000000076ab00000, 0x0000000775100000, 0x00000007c0000000)
  eden space 154624K, 0% used [0x000000076ab00000,0x000000076ab00000,0x0000000774200000)
  from space 1024K, 55% used [0x0000000774200000,0x000000077428e040,0x0000000774300000)
  to   space 1024K, 0% used [0x0000000775000000,0x0000000775000000,0x0000000775100000)
 ParOldGen       total 218112K, used 187772K [0x00000006c0000000, 0x00000006cd500000, 0x000000076ab00000)
  object space 218112K, 86% used [0x00000006c0000000,0x00000006cb75f1f8,0x00000006cd500000)
 Metaspace       used 6180K, capacity 6356K, committed 6656K, reserved 1056768K
  class space    used 646K, capacity 692K, committed 768K, reserved 1048576K
Event: 4.935 GC heap after
Heap after GC invocations=84 (full 27):
 PSYoungGen      total 155648K, used 0K [0x000000076ab00000, 0x0000000775100000, 0x00000007c0000000)
  eden space 154624K, 0% used [0x000000076ab00000,0x000000076ab00000,0x0000000774200000)
  from space 1024K, 0% used [0x0000000774200000,0x0000000774200000,0x0000000774300000)
  to   space 1024K, 0% used [0x0000000775000000,0x0000000775000000,0x0000000775100000)
 ParOldGen       total 222208K, used 46461K [0x00000006c0000000, 0x00000006cd900000, 0x000000076ab00000)
  object space 222208K, 20% used [0x00000006c0000000,0x00000006c2d5f518,0x00000006cd900000)
 Metaspace       used 6180K, capacity 6356K, committed 6656K, reserved 1056768K
  class space    used 646K, capacity 692K, committed 768K, reserved 1048576K
}

